> Task :app:preBuild UP-TO-DATE
> Task :app:preReleaseBuild UP-TO-DATE
> Task :app:checkReleaseDuplicateClasses UP-TO-DATE
> Task :app:buildKotlinToolingMetadata UP-TO-DATE
> Task :app:checkKotlinGradlePluginConfigurationErrors
> Task :app:dataBindingMergeDependencyArtifactsRelease UP-TO-DATE
> Task :app:generateReleaseResValues UP-TO-DATE
> Task :app:generateReleaseResources
> Task :app:mergeReleaseResources
> Task :app:packageReleaseResources
> Task :app:generateReleaseBuildConfig UP-TO-DATE
> Task :app:checkReleaseAarMetadata UP-TO-DATE
> Task :app:mapReleaseSourceSetPaths
> Task :app:createReleaseCompatibleScreenManifests UP-TO-DATE
> Task :app:extractDeepLinksRelease UP-TO-DATE
> Task :app:processReleaseMainManifest UP-TO-DATE
> Task :app:processReleaseManifest UP-TO-DATE
> Task :app:processReleaseManifestForPackage UP-TO-DATE
> Task :app:javaPreCompileRelease UP-TO-DATE
> Task :app:desugarReleaseFileDependencies UP-TO-DATE
> Task :app:mergeReleaseStartupProfile UP-TO-DATE
> Task :app:mergeExtDexRelease UP-TO-DATE
> Task :app:mergeReleaseArtProfile UP-TO-DATE
> Task :app:mergeReleaseShaders UP-TO-DATE
> Task :app:compileReleaseShaders NO-SOURCE
> Task :app:generateReleaseAssets UP-TO-DATE
> Task :app:mergeReleaseAssets UP-TO-DATE
> Task :app:compressReleaseAssets UP-TO-DATE
> Task :app:extractReleaseVersionControlInfo UP-TO-DATE
> Task :app:collectReleaseDependencies UP-TO-DATE
> Task :app:sdkReleaseDependencyData UP-TO-DATE
> Task :app:mergeReleaseJniLibFolders UP-TO-DATE
> Task :app:mergeReleaseNativeLibs NO-SOURCE
> Task :app:stripReleaseDebugSymbols NO-SOURCE
> Task :app:validateSigningRelease UP-TO-DATE
> Task :app:writeReleaseAppMetadata UP-TO-DATE
> Task :app:writeReleaseSigningConfigVersions UP-TO-DATE
> Task :app:parseReleaseLocalResources
> Task :app:dataBindingGenBaseClassesRelease UP-TO-DATE
> Task :app:processReleaseResources
> Task :app:optimizeReleaseResources

> Task :app:kspReleaseKotlin FAILED
e: file:///D:/My%20project/my%20app/Reality/app/src/main/java/com/neubofy/reality/data/NightlyProtocolExecutor.kt:927:13 Expecting member declaration
e: file:///D:/My%20project/my%20app/Reality/app/src/main/java/com/neubofy/reality/data/NightlyProtocolExecutor.kt:927:21 Expecting member declaration
e: file:///D:/My%20project/my%20app/Reality/app/src/main/java/com/neubofy/reality/data/NightlyProtocolExecutor.kt:927:22 Expecting member declaration
e: file:///D:/My%20project/my%20app/Reality/app/src/main/java/com/neubofy/reality/data/NightlyProtocolExecutor.kt:927:37 Expecting member declaration
e: file:///D:/My%20project/my%20app/Reality/app/src/main/java/com/neubofy/reality/data/NightlyProtocolExecutor.kt:927:38 Expecting member declaration
e: file:///D:/My%20project/my%20app/Reality/app/src/main/java/com/neubofy/reality/data/NightlyProtocolExecutor.kt:927:55 Expecting member declaration
e: file:///D:/My%20project/my%20app/Reality/app/src/main/java/com/neubofy/reality/data/NightlyProtocolExecutor.kt:927:57 Expecting member declaration
e: file:///D:/My%20project/my%20app/Reality/app/src/main/java/com/neubofy/reality/data/NightlyProtocolExecutor.kt:927:58 Expecting member declaration
e: file:///D:/My%20project/my%20app/Reality/app/src/main/java/com/neubofy/reality/data/NightlyProtocolExecutor.kt:927:71 Expecting member declaration
e: file:///D:/My%20project/my%20app/Reality/app/src/main/java/com/neubofy/reality/data/NightlyProtocolExecutor.kt:927:72 Expecting member declaration
e: file:///D:/My%20project/my%20app/Reality/app/src/main/java/com/neubofy/reality/data/NightlyProtocolExecutor.kt:927:74 Expecting member declaration
e: file:///D:/My%20project/my%20app/Reality/app/src/main/java/com/neubofy/reality/data/NightlyProtocolExecutor.kt:927:81 Expecting member declaration
e: file:///D:/My%20project/my%20app/Reality/app/src/main/java/com/neubofy/reality/data/NightlyProtocolExecutor.kt:928:13 Expecting member declaration
e: file:///D:/My%20project/my%20app/Reality/app/src/main/java/com/neubofy/reality/data/NightlyProtocolExecutor.kt:928:26 Expecting member declaration
e: file:///D:/My%20project/my%20app/Reality/app/src/main/java/com/neubofy/reality/data/NightlyProtocolExecutor.kt:928:34 Expecting context receivers
e: file:///D:/My%20project/my%20app/Reality/app/src/main/java/com/neubofy/reality/data/NightlyProtocolExecutor.kt:928:36 Expecting member declaration
e: file:///D:/My%20project/my%20app/Reality/app/src/main/java/com/neubofy/reality/data/NightlyProtocolExecutor.kt:928:45 Expecting member declaration
e: file:///D:/My%20project/my%20app/Reality/app/src/main/java/com/neubofy/reality/data/NightlyProtocolExecutor.kt:928:47 Expecting member declaration
e: file:///D:/My%20project/my%20app/Reality/app/src/main/java/com/neubofy/reality/data/NightlyProtocolExecutor.kt:928:64 Expecting member declaration
e: file:///D:/My%20project/my%20app/Reality/app/src/main/java/com/neubofy/reality/data/NightlyProtocolExecutor.kt:928:66 Expecting member declaration
e: file:///D:/My%20project/my%20app/Reality/app/src/main/java/com/neubofy/reality/data/NightlyProtocolExecutor.kt:928:78 Expecting member declaration
e: file:///D:/My%20project/my%20app/Reality/app/src/main/java/com/neubofy/reality/data/NightlyProtocolExecutor.kt:928:79 Expecting member declaration
e: file:///D:/My%20project/my%20app/Reality/app/src/main/java/com/neubofy/reality/data/NightlyProtocolExecutor.kt:928:95 Expecting member declaration
e: file:///D:/My%20project/my%20app/Reality/app/src/main/java/com/neubofy/reality/data/NightlyProtocolExecutor.kt:928:97 Expecting member declaration
e: file:///D:/My%20project/my%20app/Reality/app/src/main/java/com/neubofy/reality/data/NightlyProtocolExecutor.kt:928:104 Expecting member declaration
e: file:///D:/My%20project/my%20app/Reality/app/src/main/java/com/neubofy/reality/data/NightlyProtocolExecutor.kt:930:11 Expecting a top level declaration
e: file:///D:/My%20project/my%20app/Reality/app/src/main/java/com/neubofy/reality/data/NightlyProtocolExecutor.kt:930:17 Expecting a top level declaration
e: file:///D:/My%20project/my%20app/Reality/app/src/main/java/com/neubofy/reality/data/NightlyProtocolExecutor.kt:930:18 Expecting a top level declaration
e: file:///D:/My%20project/my%20app/Reality/app/src/main/java/com/neubofy/reality/data/NightlyProtocolExecutor.kt:930:19 Expecting a top level declaration
e: file:///D:/My%20project/my%20app/Reality/app/src/main/java/com/neubofy/reality/data/NightlyProtocolExecutor.kt:930:21 Expecting a top level declaration
e: file:///D:/My%20project/my%20app/Reality/app/src/main/java/com/neubofy/reality/data/NightlyProtocolExecutor.kt:930:30 Expecting a top level declaration
e: file:///D:/My%20project/my%20app/Reality/app/src/main/java/com/neubofy/reality/data/NightlyProtocolExecutor.kt:930:32 Expecting a top level declaration
e: file:///D:/My%20project/my%20app/Reality/app/src/main/java/com/neubofy/reality/data/NightlyProtocolExecutor.kt:934:5 Expecting a top level declaration
e: file:///D:/My%20project/my%20app/Reality/app/src/main/java/com/neubofy/reality/data/NightlyProtocolExecutor.kt:1032:1 Expecting a top level declaration
e: file:///D:/My%20project/my%20app/Reality/app/src/main/java/com/neubofy/reality/ui/activity/NightlyActivity.kt:352:13 Expecting member declaration
e: file:///D:/My%20project/my%20app/Reality/app/src/main/java/com/neubofy/reality/ui/activity/NightlyActivity.kt:352:14 Expecting member declaration
e: file:///D:/My%20project/my%20app/Reality/app/src/main/java/com/neubofy/reality/ui/activity/NightlyActivity.kt:352:31 Expecting member declaration
e: file:///D:/My%20project/my%20app/Reality/app/src/main/java/com/neubofy/reality/ui/activity/NightlyActivity.kt:352:32 Expecting member declaration
e: file:///D:/My%20project/my%20app/Reality/app/src/main/java/com/neubofy/reality/ui/activity/NightlyActivity.kt:352:33 Expecting member declaration
e: file:///D:/My%20project/my%20app/Reality/app/src/main/java/com/neubofy/reality/ui/activity/NightlyActivity.kt:352:39 Expecting member declaration
e: file:///D:/My%20project/my%20app/Reality/app/src/main/java/com/neubofy/reality/ui/activity/NightlyActivity.kt:352:40 Expecting member declaration
e: file:///D:/My%20project/my%20app/Reality/app/src/main/java/com/neubofy/reality/ui/activity/NightlyActivity.kt:352:42 Expecting member declaration
e: file:///D:/My%20project/my%20app/Reality/app/src/main/java/com/neubofy/reality/ui/activity/NightlyActivity.kt:352:46 Expecting member declaration
e: file:///D:/My%20project/my%20app/Reality/app/src/main/java/com/neubofy/reality/ui/activity/NightlyActivity.kt:353:13 Expecting member declaration
e: file:///D:/My%20project/my%20app/Reality/app/src/main/java/com/neubofy/reality/ui/activity/NightlyActivity.kt:353:14 Expecting member declaration
e: file:///D:/My%20project/my%20app/Reality/app/src/main/java/com/neubofy/reality/ui/activity/NightlyActivity.kt:353:18 Expecting member declaration
e: file:///D:/My%20project/my%20app/Reality/app/src/main/java/com/neubofy/reality/ui/activity/NightlyActivity.kt:353:19 Expecting member declaration
e: file:///D:/My%20project/my%20app/Reality/app/src/main/java/com/neubofy/reality/ui/activity/NightlyActivity.kt:447:5 Expecting a top level declaration
e: file:///D:/My%20project/my%20app/Reality/app/src/main/java/com/neubofy/reality/ui/activity/NightlyActivity.kt:766:1 Expecting a top level declaration

FAILURE: Build failed with an exception.

* What went wrong:
Execution failed for task ':app:kspReleaseKotlin'.
> A failure occurred while executing org.jetbrains.kotlin.compilerRunner.GradleCompilerRunnerWithWorkers$GradleKotlinCompilerWorkAction
   > Compilation error. See log for more details

* Try:
> Run with --stacktrace option to get the stack trace.
> Run with --info or --debug option to get more log output.
> Run with --scan to get full insights.
> Get more help at https://help.gradle.org.

Deprecated Gradle features were used in this build, making it incompatible with Gradle 9.0.

You can use '--warning-mode all' to show the individual deprecation warnings and determine if they come from your own scripts or plugins.

For more on this, please refer to https://docs.gradle.org/8.10.2/userguide/command_line_interface.html#sec:command_line_warnings in the Gradle documentation.

BUILD FAILED in 22s
36 actionable tasks: 9 executed, 27 up-to-date
